2014/10/18 10:28:18 Detected home directory from env var: /Users/william.vanhevelingen
2014/10/18 10:28:18 [DEBUG] Discoverd plugin: aws = /Users/william.vanhevelingen/bin/terraform-provider-aws
2014/10/18 10:28:18 [DEBUG] Discoverd plugin: cloudflare = /Users/william.vanhevelingen/bin/terraform-provider-cloudflare
2014/10/18 10:28:18 [DEBUG] Discoverd plugin: consul = /Users/william.vanhevelingen/bin/terraform-provider-consul
2014/10/18 10:28:18 [DEBUG] Discoverd plugin: digitalocean = /Users/william.vanhevelingen/bin/terraform-provider-digitalocean
2014/10/18 10:28:18 [DEBUG] Discoverd plugin: dnsimple = /Users/william.vanhevelingen/bin/terraform-provider-dnsimple
2014/10/18 10:28:18 [DEBUG] Discoverd plugin: google = /Users/william.vanhevelingen/bin/terraform-provider-google
2014/10/18 10:28:18 [DEBUG] Discoverd plugin: heroku = /Users/william.vanhevelingen/bin/terraform-provider-heroku
2014/10/18 10:28:18 [DEBUG] Discoverd plugin: mailgun = /Users/william.vanhevelingen/bin/terraform-provider-mailgun
2014/10/18 10:28:18 [DEBUG] Discoverd plugin: null = /Users/william.vanhevelingen/bin/terraform-provider-null
2014/10/18 10:28:18 [DEBUG] Discoverd plugin: file = /Users/william.vanhevelingen/bin/terraform-provisioner-file
2014/10/18 10:28:18 [DEBUG] Discoverd plugin: local-exec = /Users/william.vanhevelingen/bin/terraform-provisioner-local-exec
2014/10/18 10:28:18 [DEBUG] Discoverd plugin: remote-exec = /Users/william.vanhevelingen/bin/terraform-provisioner-remote-exec
2014/10/18 10:28:18 Detected home directory from env var: /Users/william.vanhevelingen
2014/10/18 10:28:18 [DEBUG] Attempting to open CLI config file: /Users/william.vanhevelingen/.terraformrc
2014/10/18 10:28:18 [DEBUG] File doesn't exist, but doesn't need to. Ignoring.
2014/10/18 10:28:18 Detected home directory from env var: /Users/william.vanhevelingen
2014/10/18 10:28:19 [DEBUG] Creating graph for path: [root]
2014/10/18 10:28:19 [DEBUG] Starting plugin: /Users/william.vanhevelingen/bin/terraform-provider-aws []string{"/Users/william.vanhevelingen/bin/terraform-provider-aws"}
2014/10/18 10:28:19 [DEBUG] Waiting for RPC address for: /Users/william.vanhevelingen/bin/terraform-provider-aws
2014/10/18 10:28:19 terraform-provider-aws: 2014/10/18 10:28:19 Plugin address: unix /var/folders/g1/kg1q0mh55mdbff7_9yqlkrc40000gp/T/tf-plugin610737526
2014/10/18 10:28:19 [DEBUG] Starting plugin: /Users/william.vanhevelingen/bin/terraform-provisioner-remote-exec []string{"/Users/william.vanhevelingen/bin/terraform-provisioner-remote-exec"}
2014/10/18 10:28:19 [DEBUG] Waiting for RPC address for: /Users/william.vanhevelingen/bin/terraform-provisioner-remote-exec
2014/10/18 10:28:19 terraform-provisioner-remote-exec: 2014/10/18 10:28:19 Plugin address: unix /var/folders/g1/kg1q0mh55mdbff7_9yqlkrc40000gp/T/tf-plugin681079848
2014/10/18 10:28:19 [DEBUG] Graph [root] created and valid. 5 nouns.
2014/10/18 10:28:19 [DEBUG] Creating graph for path: [root]
2014/10/18 10:28:19 [DEBUG] Graph [root] created and valid. 5 nouns.
2014/10/18 10:28:19 [INFO] Validating provider: aws
2014/10/18 10:28:19 [DEBUG] aws_instance.puppet: expanding to count = 1
2014/10/18 10:28:19 [INFO] Validating resource: aws_instance.puppet
2014/10/18 10:28:19 [DEBUG] aws_eip.ip: expanding to count = 1
2014/10/18 10:28:19 [INFO] Validating resource: aws_eip.ip
2014/10/18 10:28:19 [INFO] Writing backup state to: terraform.tfstate.backup
2014/10/18 10:28:19 [DEBUG] Creating graph for path: [root]
2014/10/18 10:28:19 [DEBUG] Graph [root] created and valid. 5 nouns.
2014/10/18 10:28:19 [INFO] Configuring provider: aws
2014/10/18 10:28:19 terraform-provider-aws: 2014/10/18 10:28:19 [INFO] Building AWS auth structure
2014/10/18 10:28:19 terraform-provider-aws: 2014/10/18 10:28:19 [INFO] Building AWS region structure
2014/10/18 10:28:19 terraform-provider-aws: 2014/10/18 10:28:19 [INFO] Initializing EC2 connection
2014/10/18 10:28:19 terraform-provider-aws: 2014/10/18 10:28:19 [INFO] Initializing ELB connection
2014/10/18 10:28:19 terraform-provider-aws: 2014/10/18 10:28:19 [INFO] Initializing AutoScaling connection
2014/10/18 10:28:19 terraform-provider-aws: 2014/10/18 10:28:19 [INFO] Initializing S3 connection
2014/10/18 10:28:19 terraform-provider-aws: 2014/10/18 10:28:19 [INFO] Initializing RDS connection
2014/10/18 10:28:19 terraform-provider-aws: 2014/10/18 10:28:19 [INFO] Initializing Route53 connection
2014/10/18 10:28:19 [INFO] Module root walking: aws_instance.puppet (Graph node: aws_instance.puppet (tainted #1))
2014/10/18 10:28:20 [DEBUG] aws_instance.puppet: expanding to count = 1
2014/10/18 10:28:20 [INFO] Module root walking: aws_instance.puppet (Graph node: aws_instance.puppet)
2014/10/18 10:28:20 [DEBUG] aws_instance.puppet: Not refreshing, ID is empty
2014/10/18 10:28:20 [DEBUG] aws_eip.ip: expanding to count = 1
2014/10/18 10:28:20 [INFO] Module root walking: aws_eip.ip (Graph node: aws_eip.ip)
2014/10/18 10:28:20 [DEBUG] aws_eip.ip: Not refreshing, ID is empty
2014/10/18 10:28:20 [DEBUG] Creating graph for path: [root]
2014/10/18 10:28:20 [DEBUG] Graph [root] created and valid. 5 nouns.
2014/10/18 10:28:20 [DEBUG] aws_instance.puppet: Making for destroy
2014/10/18 10:28:20 [DEBUG] aws_instance.puppet: expanding to count = 1
2014/10/18 10:28:20 [DEBUG] aws_instance.puppet: Not marking for destroy, no ID
2014/10/18 10:28:20 [DEBUG] aws_eip.ip: expanding to count = 1
2014/10/18 10:28:20 [DEBUG] aws_eip.ip: Not marking for destroy, no ID
2014/10/18 10:28:20 [INFO] Apply walk starting
2014/10/18 10:28:20 [DEBUG] Creating graph for path: [root]
2014/10/18 10:28:20 [DEBUG] Graph [root] created and valid. 6 nouns.
2014/10/18 10:28:20 [INFO] Configuring provider: aws
2014/10/18 10:28:20 terraform-provider-aws: 2014/10/18 10:28:20 [INFO] Building AWS auth structure
2014/10/18 10:28:20 terraform-provider-aws: 2014/10/18 10:28:20 [INFO] Building AWS region structure
2014/10/18 10:28:20 terraform-provider-aws: 2014/10/18 10:28:20 [INFO] Initializing EC2 connection
2014/10/18 10:28:20 terraform-provider-aws: 2014/10/18 10:28:20 [INFO] Initializing ELB connection
2014/10/18 10:28:20 terraform-provider-aws: 2014/10/18 10:28:20 [INFO] Initializing AutoScaling connection
2014/10/18 10:28:20 terraform-provider-aws: 2014/10/18 10:28:20 [INFO] Initializing S3 connection
2014/10/18 10:28:20 terraform-provider-aws: 2014/10/18 10:28:20 [INFO] Initializing RDS connection
2014/10/18 10:28:20 terraform-provider-aws: 2014/10/18 10:28:20 [INFO] Initializing Route53 connection
2014/10/18 10:28:20 [INFO] Module root walking: aws_instance.puppet (Graph node: aws_instance.puppet (tainted #1))
2014/10/18 10:28:20 [DEBUG] aws_instance.puppet: Executing Apply
2014/10/18 10:28:20 [DEBUG] aws_instance.puppet: expanding to count = 1
2014/10/18 10:28:20 [INFO] Module root walking: aws_instance.puppet (Graph node: aws_instance.puppet (tainted #1))
2014/10/18 10:28:20 [DEBUG] aws_instance.puppet: Executing Apply
panic: runtime error: invalid memory address or nil pointer dereference [recovered]
	panic: runtime error: invalid memory address or nil pointer dereference
[signal 0xb code=0x1 addr=0x20 pc=0xb6cee]

goroutine 112 [running]:
runtime.panic(0x476a60, 0x7508e4)
	/Users/mitchellh/code/3rdparty/go/src/pkg/runtime/panic.c:279 +0xf5
github.com/hashicorp/terraform/terraform.func·009()
	/Users/mitchellh/code/go/src/github.com/hashicorp/terraform/terraform/context.go:1237 +0xdf
runtime.panic(0x476a60, 0x7508e4)
	/Users/mitchellh/code/3rdparty/go/src/pkg/runtime/panic.c:248 +0x18d
github.com/hashicorp/terraform/terraform.func·003(0xc2081745f0, 0xc208161830, 0x0, 0x0)
	/Users/mitchellh/code/go/src/github.com/hashicorp/terraform/terraform/context.go:708 +0x86e
github.com/hashicorp/terraform/terraform.func·010(0xc208177d00, 0x0, 0x0)
	/Users/mitchellh/code/go/src/github.com/hashicorp/terraform/terraform/context.go:1248 +0xcdb
github.com/hashicorp/terraform/depgraph.func·002(0xc208177d00)
	/Users/mitchellh/code/go/src/github.com/hashicorp/terraform/depgraph/graph.go:321 +0x254
created by github.com/hashicorp/terraform/depgraph.(*Graph).Walk
	/Users/mitchellh/code/go/src/github.com/hashicorp/terraform/depgraph/graph.go:328 +0x516

goroutine 16 [select]:
github.com/hashicorp/terraform/command.(*ApplyCommand).Run(0xc20804c820, 0xc2080040c0, 0x0, 0x0, 0xc20802a160)
	/Users/mitchellh/code/go/src/github.com/hashicorp/terraform/command/apply.go:193 +0x2a6d
github.com/mitchellh/cli.(*CLI).Run(0xc20804c500, 0xc20805c600, 0x0, 0x0)
	/Users/mitchellh/code/go/src/github.com/mitchellh/cli/cli.go:100 +0x3a1
main.wrappedMain(0x0)
	/Users/mitchellh/code/go/src/github.com/hashicorp/terraform/main.go:147 +0x838
main.realMain(0x0)
	/Users/mitchellh/code/go/src/github.com/hashicorp/terraform/main.go:82 +0x81b
main.main()
	/Users/mitchellh/code/go/src/github.com/hashicorp/terraform/main.go:18 +0x1e

goroutine 19 [finalizer wait]:
runtime.park(0x1b480, 0x753f58, 0x7529a9)
	/Users/mitchellh/code/3rdparty/go/src/pkg/runtime/proc.c:1369 +0x89
runtime.parkunlock(0x753f58, 0x7529a9)
	/Users/mitchellh/code/3rdparty/go/src/pkg/runtime/proc.c:1385 +0x3b
runfinq()
	/Users/mitchellh/code/3rdparty/go/src/pkg/runtime/mgc0.c:2644 +0xcf
runtime.goexit()
	/Users/mitchellh/code/3rdparty/go/src/pkg/runtime/proc.c:1445

goroutine 20 [syscall]:
os/signal.loop()
	/Users/mitchellh/code/3rdparty/go/src/pkg/os/signal/signal_unix.go:21 +0x1e
created by os/signal.init·1
	/Users/mitchellh/code/3rdparty/go/src/pkg/os/signal/signal_unix.go:27 +0x32

goroutine 27 [runnable]:
syscall.Syscall(0x3, 0x5, 0xc2080d8000, 0x8000, 0x3c, 0x0, 0x0)
	/Users/mitchellh/code/3rdparty/go/src/pkg/syscall/asm_darwin_amd64.s:20 +0x5
syscall.read(0x5, 0xc2080d8000, 0x8000, 0x8000, 0xc5322, 0x0, 0x0)
	/Users/mitchellh/code/3rdparty/go/src/pkg/syscall/zsyscall_darwin_amd64.go:952 +0x75
syscall.Read(0x5, 0xc2080d8000, 0x8000, 0x8000, 0x5c9960, 0x0, 0x0)
	/Users/mitchellh/code/3rdparty/go/src/pkg/syscall/syscall_unix.go:136 +0x5c
os.(*File).read(0xc2080346d0, 0xc2080d8000, 0x8000, 0x8000, 0xc2080d8000, 0x0, 0x0)
	/Users/mitchellh/code/3rdparty/go/src/pkg/os/file_unix.go:190 +0x89
os.(*File).Read(0xc2080346d0, 0xc2080d8000, 0x8000, 0x8000, 0x155, 0x0, 0x0)
	/Users/mitchellh/code/3rdparty/go/src/pkg/os/file.go:95 +0x98
io.Copy(0x82cf50, 0xc208034680, 0x82d170, 0xc2080346d0, 0x3f7, 0x0, 0x0)
	/Users/mitchellh/code/3rdparty/go/src/pkg/io/io.go:353 +0x1f3
os/exec.func·003(0x0, 0x0)
	/Users/mitchellh/code/3rdparty/go/src/pkg/os/exec/exec.go:214 +0x7e
os/exec.func·004(0xc2080bd760)
	/Users/mitchellh/code/3rdparty/go/src/pkg/os/exec/exec.go:321 +0x2c
created by os/exec.(*Cmd).Start
	/Users/mitchellh/code/3rdparty/go/src/pkg/os/exec/exec.go:322 +0x931

goroutine 23 [chan receive]:
main.func·011()
	/Users/mitchellh/code/go/src/github.com/hashicorp/terraform/commands.go:114 +0x4e
created by main.makeShutdownCh
	/Users/mitchellh/code/go/src/github.com/hashicorp/terraform/commands.go:117 +0x12b

goroutine 24 [semacquire]:
sync.runtime_Syncsemacquire(0xc208060280)
	/Users/mitchellh/code/3rdparty/go/src/pkg/runtime/sema.goc:257 +0xc0
sync.(*Cond).Wait(0xc208060270)
	/Users/mitchellh/code/3rdparty/go/src/pkg/sync/cond.go:62 +0x9d
io.(*pipe).read(0xc208060240, 0xc208063000, 0x1000, 0x1000, 0x0, 0x0, 0x0)
	/Users/mitchellh/code/3rdparty/go/src/pkg/io/pipe.go:52 +0x2b6
io.(*PipeReader).Read(0xc208034168, 0xc208063000, 0x1000, 0x1000, 0x0, 0x0, 0x0)
	/Users/mitchellh/code/3rdparty/go/src/pkg/io/pipe.go:134 +0x5f
bufio.(*Scanner).Scan(0xc208028700, 0x0)
	/Users/mitchellh/code/3rdparty/go/src/pkg/bufio/scan.go:165 +0x508
github.com/hashicorp/terraform/command.func·006()
	/Users/mitchellh/code/go/src/github.com/hashicorp/terraform/command/meta.go:185 +0x3c
created by github.com/hashicorp/terraform/command.(*Meta).flagSet
	/Users/mitchellh/code/go/src/github.com/hashicorp/terraform/command/meta.go:188 +0x412

goroutine 26 [syscall]:
syscall.Syscall(0x3, 0x3, 0xc2080d0000, 0x8000, 0x1b4fb, 0x1b480, 0xc208060df8)
	/Users/mitchellh/code/3rdparty/go/src/pkg/syscall/asm_darwin_amd64.s:20 +0x5
syscall.read(0x3, 0xc2080d0000, 0x8000, 0x8000, 0xc5322, 0x0, 0x0)
	/Users/mitchellh/code/3rdparty/go/src/pkg/syscall/zsyscall_darwin_amd64.go:952 +0x75
syscall.Read(0x3, 0xc2080d0000, 0x8000, 0x8000, 0x5c9960, 0x0, 0x0)
	/Users/mitchellh/code/3rdparty/go/src/pkg/syscall/syscall_unix.go:136 +0x5c
os.(*File).read(0xc2080346b0, 0xc2080d0000, 0x8000, 0x8000, 0xc2080d0000, 0x0, 0x0)
	/Users/mitchellh/code/3rdparty/go/src/pkg/os/file_unix.go:190 +0x89
os.(*File).Read(0xc2080346b0, 0xc2080d0000, 0x8000, 0x8000, 0x4b, 0x0, 0x0)
	/Users/mitchellh/code/3rdparty/go/src/pkg/os/file.go:95 +0x98
io.Copy(0x82cf50, 0xc208034668, 0x82d170, 0xc2080346b0, 0x4b, 0x0, 0x0)
	/Users/mitchellh/code/3rdparty/go/src/pkg/io/io.go:353 +0x1f3
os/exec.func·003(0x0, 0x0)
	/Users/mitchellh/code/3rdparty/go/src/pkg/os/exec/exec.go:214 +0x7e
os/exec.func·004(0xc2080bd700)
	/Users/mitchellh/code/3rdparty/go/src/pkg/os/exec/exec.go:321 +0x2c
created by os/exec.(*Cmd).Start
	/Users/mitchellh/code/3rdparty/go/src/pkg/os/exec/exec.go:322 +0x931

goroutine 28 [syscall]:
syscall.Syscall6(0x7, 0x769, 0x87dd74, 0x0, 0xc2080494d0, 0x0, 0x0, 0x0, 0x0, 0xc2080494d0)
	/Users/mitchellh/code/3rdparty/go/src/pkg/syscall/asm_darwin_amd64.s:44 +0x5
syscall.wait4(0x769, 0x87dd74, 0x0, 0xc2080494d0, 0x2c36b, 0x0, 0x0)
	/Users/mitchellh/code/3rdparty/go/src/pkg/syscall/zsyscall_darwin_amd64.go:32 +0x7d
syscall.Wait4(0x769, 0x87ddbc, 0x0, 0xc2080494d0, 0x0, 0x0, 0x0)
	/Users/mitchellh/code/3rdparty/go/src/pkg/syscall/syscall_bsd.go:129 +0x64
os.(*Process).wait(0xc2080bda20, 0x0, 0x0, 0x0)
	/Users/mitchellh/code/3rdparty/go/src/pkg/os/exec_unix.go:22 +0xfe
os.(*Process).Wait(0xc2080bda20, 0x0, 0x0, 0x0)
	/Users/mitchellh/code/3rdparty/go/src/pkg/os/doc.go:45 +0x39
os/exec.(*Cmd).Wait(0xc208041a40, 0x0, 0x0)
	/Users/mitchellh/code/3rdparty/go/src/pkg/os/exec/exec.go:357 +0x1db
github.com/hashicorp/terraform/plugin.func·003()
	/Users/mitchellh/code/go/src/github.com/hashicorp/terraform/plugin/client.go:234 +0x95
created by github.com/hashicorp/terraform/plugin.(*Client).Start
	/Users/mitchellh/code/go/src/github.com/hashicorp/terraform/plugin/client.go:247 +0xb3e

goroutine 29 [semacquire]:
sync.runtime_Syncsemacquire(0xc208060e80)
	/Users/mitchellh/code/3rdparty/go/src/pkg/runtime/sema.goc:257 +0xc0
sync.(*Cond).Wait(0xc208060e70)
	/Users/mitchellh/code/3rdparty/go/src/pkg/sync/cond.go:62 +0x9d
io.(*pipe).read(0xc208060e40, 0xc208062000, 0x1000, 0x1000, 0x0, 0x0, 0x0)
	/Users/mitchellh/code/3rdparty/go/src/pkg/io/pipe.go:52 +0x2b6
io.(*PipeReader).Read(0xc208034678, 0xc208062000, 0x1000, 0x1000, 0x4, 0x0, 0x0)
	/Users/mitchellh/code/3rdparty/go/src/pkg/io/pipe.go:134 +0x5f
bufio.(*Reader).fill(0xc2080040c0)
	/Users/mitchellh/code/3rdparty/go/src/pkg/bufio/bufio.go:97 +0x1b3
bufio.(*Reader).ReadSlice(0xc2080040c0, 0xa, 0x0, 0x0, 0x0, 0x0, 0x0)
	/Users/mitchellh/code/3rdparty/go/src/pkg/bufio/bufio.go:298 +0x22c
bufio.(*Reader).ReadBytes(0xc2080040c0, 0xc20801810a, 0x0, 0x0, 0x0, 0x0, 0x0)
	/Users/mitchellh/code/3rdparty/go/src/pkg/bufio/bufio.go:376 +0xe3
bufio.(*Reader).ReadString(0xc2080040c0, 0xa, 0x0, 0x0, 0x0, 0x0)
	/Users/mitchellh/code/3rdparty/go/src/pkg/bufio/bufio.go:416 +0x58
github.com/hashicorp/terraform/plugin.(*Client).logStderr(0xc208068780, 0x82cf28, 0xc208034678)
	/Users/mitchellh/code/go/src/github.com/hashicorp/terraform/plugin/client.go:324 +0x5c
created by github.com/hashicorp/terraform/plugin.(*Client).Start
	/Users/mitchellh/code/go/src/github.com/hashicorp/terraform/plugin/client.go:250 +0xb9f

goroutine 30 [semacquire]:
sync.runtime_Syncsemacquire(0xc208060dc0)
	/Users/mitchellh/code/3rdparty/go/src/pkg/runtime/sema.goc:257 +0xc0
sync.(*Cond).Wait(0xc208060db0)
	/Users/mitchellh/code/3rdparty/go/src/pkg/sync/cond.go:62 +0x9d
io.(*pipe).read(0xc208060d80, 0xc20808b000, 0x1000, 0x1000, 0x0, 0x0, 0x0)
	/Users/mitchellh/code/3rdparty/go/src/pkg/io/pipe.go:52 +0x2b6
io.(*PipeReader).Read(0xc208034660, 0xc20808b000, 0x1000, 0x1000, 0x820400, 0x0, 0x0)
	/Users/mitchellh/code/3rdparty/go/src/pkg/io/pipe.go:134 +0x5f
bufio.(*Reader).fill(0xc208004180)
	/Users/mitchellh/code/3rdparty/go/src/pkg/bufio/bufio.go:97 +0x1b3
bufio.(*Reader).ReadSlice(0xc208004180, 0xc20808b00a, 0x0, 0x0, 0x0, 0x0, 0x0)
	/Users/mitchellh/code/3rdparty/go/src/pkg/bufio/bufio.go:298 +0x22c
bufio.(*Reader).ReadBytes(0xc208004180, 0xc20800540a, 0x0, 0x0, 0x0, 0x0, 0x0)
	/Users/mitchellh/code/3rdparty/go/src/pkg/bufio/bufio.go:376 +0xe3
github.com/hashicorp/terraform/plugin.func·004()
	/Users/mitchellh/code/go/src/github.com/hashicorp/terraform/plugin/client.go:260 +0xad
created by github.com/hashicorp/terraform/plugin.(*Client).Start
	/Users/mitchellh/code/go/src/github.com/hashicorp/terraform/plugin/client.go:269 +0xc1c

goroutine 32 [chan receive]:
github.com/hashicorp/terraform/plugin.func·005()
	/Users/mitchellh/code/go/src/github.com/hashicorp/terraform/plugin/client.go:275 +0x61
created by github.com/hashicorp/terraform/plugin.func·006
	/Users/mitchellh/code/go/src/github.com/hashicorp/terraform/plugin/client.go:277 +0x4d

goroutine 33 [IO wait]:
net.runtime_pollWait(0x82eb30, 0x72, 0x0)
	/Users/mitchellh/code/3rdparty/go/src/pkg/runtime/netpoll.goc:146 +0x66
net.(*pollDesc).Wait(0xc2080283e0, 0x72, 0x0, 0x0)
	/Users/mitchellh/code/3rdparty/go/src/pkg/net/fd_poll_runtime.go:84 +0x46
net.(*pollDesc).WaitRead(0xc2080283e0, 0x0, 0x0)
	/Users/mitchellh/code/3rdparty/go/src/pkg/net/fd_poll_runtime.go:89 +0x42
net.(*netFD).Read(0xc208028380, 0xc2080c5000, 0x1000, 0x1000, 0x0, 0x82c318, 0x23)
	/Users/mitchellh/code/3rdparty/go/src/pkg/net/fd_unix.go:242 +0x34c
net.(*conn).Read(0xc208034050, 0xc2080c5000, 0x1000, 0x1000, 0x0, 0x0, 0x0)
	/Users/mitchellh/code/3rdparty/go/src/pkg/net/net.go:122 +0xe7
bufio.(*Reader).fill(0xc208004360)
	/Users/mitchellh/code/3rdparty/go/src/pkg/bufio/bufio.go:97 +0x1b3
bufio.(*Reader).Read(0xc208004360, 0xc2080005f0, 0xc, 0xc, 0xc, 0x0, 0x0)
	/Users/mitchellh/code/3rdparty/go/src/pkg/bufio/bufio.go:175 +0x230
io.ReadAtLeast(0x82d1c0, 0xc208004360, 0xc2080005f0, 0xc, 0xc, 0xc, 0x0, 0x0, 0x0)
	/Users/mitchellh/code/3rdparty/go/src/pkg/io/io.go:289 +0xf7
io.ReadFull(0x82d1c0, 0xc208004360, 0xc2080005f0, 0xc, 0xc, 0xc, 0x0, 0x0)
	/Users/mitchellh/code/3rdparty/go/src/pkg/io/io.go:307 +0x71
github.com/hashicorp/yamux.(*Session).recv(0xc20804c000)
	/Users/mitchellh/code/go/src/github.com/hashicorp/yamux/session.go:332 +0xc9
created by github.com/hashicorp/yamux.newSession
	/Users/mitchellh/code/go/src/github.com/hashicorp/yamux/session.go:93 +0x247

goroutine 34 [select]:
github.com/hashicorp/yamux.(*Session).send(0xc20804c000)
	/Users/mitchellh/code/go/src/github.com/hashicorp/yamux/session.go:290 +0x496
created by github.com/hashicorp/yamux.newSession
	/Users/mitchellh/code/go/src/github.com/hashicorp/yamux/session.go:94 +0x25f

goroutine 35 [select]:
github.com/hashicorp/yamux.(*Session).keepalive(0xc20804c000)
	/Users/mitchellh/code/go/src/github.com/hashicorp/yamux/session.go:246 +0xc7
created by github.com/hashicorp/yamux.newSession
	/Users/mitchellh/code/go/src/github.com/hashicorp/yamux/session.go:96 +0x289

goroutine 36 [select]:
github.com/hashicorp/yamux.(*Session).AcceptStream(0xc20804c000, 0xc200000001, 0x0, 0x0)
	/Users/mitchellh/code/go/src/github.com/hashicorp/yamux/session.go:154 +0x11f
github.com/hashicorp/terraform/rpc.(*muxBroker).Run(0xc20803e940)
	/Users/mitchellh/code/go/src/github.com/hashicorp/terraform/rpc/mux_broker.go:107 +0x36
created by github.com/hashicorp/terraform/rpc.NewClient
	/Users/mitchellh/code/go/src/github.com/hashicorp/terraform/rpc/client.go:53 +0x1a4

goroutine 37 [select]:
github.com/hashicorp/yamux.(*Stream).Read(0xc20806a3c0, 0xc208089000, 0x1000, 0x1000, 0x0, 0x0, 0x0)
	/Users/mitchellh/code/go/src/github.com/hashicorp/yamux/stream.go:123 +0x382
bufio.(*Reader).fill(0xc2080044e0)
	/Users/mitchellh/code/3rdparty/go/src/pkg/bufio/bufio.go:97 +0x1b3
bufio.(*Reader).Read(0xc2080044e0, 0xc208000600, 0x1, 0x9, 0x1, 0x0, 0x0)
	/Users/mitchellh/code/3rdparty/go/src/pkg/bufio/bufio.go:175 +0x230
io.ReadAtLeast(0x82d1c0, 0xc2080044e0, 0xc208000600, 0x1, 0x9, 0x1, 0x0, 0x0, 0x0)
	/Users/mitchellh/code/3rdparty/go/src/pkg/io/io.go:289 +0xf7
io.ReadFull(0x82d1c0, 0xc2080044e0, 0xc208000600, 0x1, 0x9, 0x16bc4, 0x0, 0x0)
	/Users/mitchellh/code/3rdparty/go/src/pkg/io/io.go:307 +0x71
encoding/gob.decodeUintReader(0x82d1c0, 0xc2080044e0, 0xc208000600, 0x9, 0x9, 0x0, 0x1, 0x0, 0x0)
	/Users/mitchellh/code/3rdparty/go/src/pkg/encoding/gob/decode.go:66 +0xa6
encoding/gob.(*Decoder).recvMessage(0xc20805e000, 0x1f817f)
	/Users/mitchellh/code/3rdparty/go/src/pkg/encoding/gob/decoder.go:73 +0x57
encoding/gob.(*Decoder).decodeTypeSequence(0xc20805e000, 0xc20805c600, 0x0)
	/Users/mitchellh/code/3rdparty/go/src/pkg/encoding/gob/decoder.go:159 +0x49
encoding/gob.(*Decoder).DecodeValue(0xc20805e000, 0x3737e0, 0xc20805c6f0, 0x0, 0x160, 0x0, 0x0)
	/Users/mitchellh/code/3rdparty/go/src/pkg/encoding/gob/decoder.go:227 +0x193
encoding/gob.(*Decoder).Decode(0xc20805e000, 0x3737e0, 0xc20805c6f0, 0x0, 0x0)
	/Users/mitchellh/code/3rdparty/go/src/pkg/encoding/gob/decoder.go:204 +0x279
net/rpc.(*gobClientCodec).ReadResponseHeader(0xc20805c300, 0xc20805c6f0, 0x0, 0x0)
	/Users/mitchellh/code/3rdparty/go/src/pkg/net/rpc/client.go:223 +0x5b
net/rpc.(*Client).input(0xc208004540)
	/Users/mitchellh/code/3rdparty/go/src/pkg/net/rpc/client.go:109 +0xda
created by net/rpc.NewClientWithCodec
	/Users/mitchellh/code/3rdparty/go/src/pkg/net/rpc/client.go:201 +0x8b

goroutine 38 [select]:
github.com/hashicorp/yamux.(*Stream).Read(0xc20806a500, 0xc2080ad000, 0x1000, 0x1000, 0x0, 0x0, 0x0)
	/Users/mitchellh/code/go/src/github.com/hashicorp/yamux/stream.go:123 +0x382
bufio.(*Reader).fill(0xc208004b40)
	/Users/mitchellh/code/3rdparty/go/src/pkg/bufio/bufio.go:97 +0x1b3
bufio.(*Reader).Read(0xc208004b40, 0xc208001d00, 0x1, 0x9, 0x1, 0x0, 0x0)
	/Users/mitchellh/code/3rdparty/go/src/pkg/bufio/bufio.go:175 +0x230
io.ReadAtLeast(0x82d1c0, 0xc208004b40, 0xc208001d00, 0x1, 0x9, 0x1, 0x0, 0x0, 0x0)
	/Users/mitchellh/code/3rdparty/go/src/pkg/io/io.go:289 +0xf7
io.ReadFull(0x82d1c0, 0xc208004b40, 0xc208001d00, 0x1, 0x9, 0x16bc4, 0x0, 0x0)
	/Users/mitchellh/code/3rdparty/go/src/pkg/io/io.go:307 +0x71
encoding/gob.decodeUintReader(0x82d1c0, 0xc208004b40, 0xc208001d00, 0x9, 0x9, 0x0, 0x1, 0x0, 0x0)
	/Users/mitchellh/code/3rdparty/go/src/pkg/encoding/gob/decode.go:66 +0xa6
encoding/gob.(*Decoder).recvMessage(0xc20805e0f0, 0x1f817f)
	/Users/mitchellh/code/3rdparty/go/src/pkg/encoding/gob/decoder.go:73 +0x57
encoding/gob.(*Decoder).decodeTypeSequence(0xc20805e0f0, 0xc20805d900, 0x0)
	/Users/mitchellh/code/3rdparty/go/src/pkg/encoding/gob/decoder.go:159 +0x49
encoding/gob.(*Decoder).DecodeValue(0xc20805e0f0, 0x3737e0, 0xc20805d920, 0x0, 0x160, 0x0, 0x0)
	/Users/mitchellh/code/3rdparty/go/src/pkg/encoding/gob/decoder.go:227 +0x193
encoding/gob.(*Decoder).Decode(0xc20805e0f0, 0x3737e0, 0xc20805d920, 0x0, 0x0)
	/Users/mitchellh/code/3rdparty/go/src/pkg/encoding/gob/decoder.go:204 +0x279
net/rpc.(*gobClientCodec).ReadResponseHeader(0xc20805d7d0, 0xc20805d920, 0x0, 0x0)
	/Users/mitchellh/code/3rdparty/go/src/pkg/net/rpc/client.go:223 +0x5b
net/rpc.(*Client).input(0xc208004c00)
	/Users/mitchellh/code/3rdparty/go/src/pkg/net/rpc/client.go:109 +0xda
created by net/rpc.NewClientWithCodec
	/Users/mitchellh/code/3rdparty/go/src/pkg/net/rpc/client.go:201 +0x8b

goroutine 39 [syscall]:
syscall.Syscall(0x3, 0x7, 0xc208100000, 0x8000, 0x1b4fb, 0x1b480, 0xc2080608b8)
	/Users/mitchellh/code/3rdparty/go/src/pkg/syscall/asm_darwin_amd64.s:20 +0x5
syscall.read(0x7, 0xc208100000, 0x8000, 0x8000, 0xc5322, 0x0, 0x0)
	/Users/mitchellh/code/3rdparty/go/src/pkg/syscall/zsyscall_darwin_amd64.go:952 +0x75
syscall.Read(0x7, 0xc208100000, 0x8000, 0x8000, 0x5c9960, 0x0, 0x0)
	/Users/mitchellh/code/3rdparty/go/src/pkg/syscall/syscall_unix.go:136 +0x5c
os.(*File).read(0xc2080348d0, 0xc208100000, 0x8000, 0x8000, 0xc208100000, 0x0, 0x0)
	/Users/mitchellh/code/3rdparty/go/src/pkg/os/file_unix.go:190 +0x89
os.(*File).Read(0xc2080348d0, 0xc208100000, 0x8000, 0x8000, 0x4b, 0x0, 0x0)
	/Users/mitchellh/code/3rdparty/go/src/pkg/os/file.go:95 +0x98
io.Copy(0x82cf50, 0xc208034888, 0x82d170, 0xc2080348d0, 0x4b, 0x0, 0x0)
	/Users/mitchellh/code/3rdparty/go/src/pkg/io/io.go:353 +0x1f3
os/exec.func·003(0x0, 0x0)
	/Users/mitchellh/code/3rdparty/go/src/pkg/os/exec/exec.go:214 +0x7e
os/exec.func·004(0xc2080bc560)
	/Users/mitchellh/code/3rdparty/go/src/pkg/os/exec/exec.go:321 +0x2c
created by os/exec.(*Cmd).Start
	/Users/mitchellh/code/3rdparty/go/src/pkg/os/exec/exec.go:322 +0x931

goroutine 40 [syscall]:
syscall.Syscall(0x3, 0x9, 0xc208110000, 0x8000, 0x1b4fb, 0x1b480, 0xc208060a38)
	/Users/mitchellh/code/3rdparty/go/src/pkg/syscall/asm_darwin_amd64.s:20 +0x5
syscall.read(0x9, 0xc208110000, 0x8000, 0x8000, 0xc5322, 0x0, 0x0)
	/Users/mitchellh/code/3rdparty/go/src/pkg/syscall/zsyscall_darwin_amd64.go:952 +0x75
syscall.Read(0x9, 0xc208110000, 0x8000, 0x8000, 0x5c9960, 0x0, 0x0)
	/Users/mitchellh/code/3rdparty/go/src/pkg/syscall/syscall_unix.go:136 +0x5c
os.(*File).read(0xc2080348f0, 0xc208110000, 0x8000, 0x8000, 0xc208110000, 0x0, 0x0)
	/Users/mitchellh/code/3rdparty/go/src/pkg/os/file_unix.go:190 +0x89
os.(*File).Read(0xc2080348f0, 0xc208110000, 0x8000, 0x8000, 0x6d, 0x0, 0x0)
	/Users/mitchellh/code/3rdparty/go/src/pkg/os/file.go:95 +0x98
io.Copy(0x82cf50, 0xc2080348a0, 0x82d170, 0xc2080348f0, 0x6d, 0x0, 0x0)
	/Users/mitchellh/code/3rdparty/go/src/pkg/io/io.go:353 +0x1f3
os/exec.func·003(0x0, 0x0)
	/Users/mitchellh/code/3rdparty/go/src/pkg/os/exec/exec.go:214 +0x7e
os/exec.func·004(0xc2080bc5e0)
	/Users/mitchellh/code/3rdparty/go/src/pkg/os/exec/exec.go:321 +0x2c
created by os/exec.(*Cmd).Start
	/Users/mitchellh/code/3rdparty/go/src/pkg/os/exec/exec.go:322 +0x931

goroutine 41 [syscall]:
syscall.Syscall6(0x7, 0x76a, 0x8c7d74, 0x0, 0xc2080487e0, 0x0, 0x0, 0x0, 0x0, 0xc2080487e0)
	/Users/mitchellh/code/3rdparty/go/src/pkg/syscall/asm_darwin_amd64.s:44 +0x5
syscall.wait4(0x76a, 0x8c7d74, 0x0, 0xc2080487e0, 0x2c36b, 0x0, 0x0)
	/Users/mitchellh/code/3rdparty/go/src/pkg/syscall/zsyscall_darwin_amd64.go:32 +0x7d
syscall.Wait4(0x76a, 0x8c7dbc, 0x0, 0xc2080487e0, 0x0, 0x0, 0x0)
	/Users/mitchellh/code/3rdparty/go/src/pkg/syscall/syscall_bsd.go:129 +0x64
os.(*Process).wait(0xc2080bca40, 0x0, 0x0, 0x0)
	/Users/mitchellh/code/3rdparty/go/src/pkg/os/exec_unix.go:22 +0xfe
os.(*Process).Wait(0xc2080bca40, 0x0, 0x0, 0x0)
	/Users/mitchellh/code/3rdparty/go/src/pkg/os/doc.go:45 +0x39
os/exec.(*Cmd).Wait(0xc20806a280, 0x0, 0x0)
	/Users/mitchellh/code/3rdparty/go/src/pkg/os/exec/exec.go:357 +0x1db
github.com/hashicorp/terraform/plugin.func·003()
	/Users/mitchellh/code/go/src/github.com/hashicorp/terraform/plugin/client.go:234 +0x95
created by github.com/hashicorp/terraform/plugin.(*Client).Start
	/Users/mitchellh/code/go/src/github.com/hashicorp/terraform/plugin/client.go:247 +0xb3e

goroutine 42 [semacquire]:
sync.runtime_Syncsemacquire(0xc208060a00)
	/Users/mitchellh/code/3rdparty/go/src/pkg/runtime/sema.goc:257 +0xc0
sync.(*Cond).Wait(0xc2080609f0)
	/Users/mitchellh/code/3rdparty/go/src/pkg/sync/cond.go:62 +0x9d
io.(*pipe).read(0xc2080609c0, 0xc2080b6000, 0x1000, 0x1000, 0x0, 0x0, 0x0)
	/Users/mitchellh/code/3rdparty/go/src/pkg/io/pipe.go:52 +0x2b6
io.(*PipeReader).Read(0xc208034898, 0xc2080b6000, 0x1000, 0x1000, 0x4, 0x0, 0x0)
	/Users/mitchellh/code/3rdparty/go/src/pkg/io/pipe.go:134 +0x5f
bufio.(*Reader).fill(0xc208005980)
	/Users/mitchellh/code/3rdparty/go/src/pkg/bufio/bufio.go:97 +0x1b3
bufio.(*Reader).ReadSlice(0xc208005980, 0xa, 0x0, 0x0, 0x0, 0x0, 0x0)
	/Users/mitchellh/code/3rdparty/go/src/pkg/bufio/bufio.go:298 +0x22c
bufio.(*Reader).ReadBytes(0xc208005980, 0xc20801810a, 0x0, 0x0, 0x0, 0x0, 0x0)
	/Users/mitchellh/code/3rdparty/go/src/pkg/bufio/bufio.go:376 +0xe3
bufio.(*Reader).ReadString(0xc208005980, 0xa, 0x0, 0x0, 0x0, 0x0)
	/Users/mitchellh/code/3rdparty/go/src/pkg/bufio/bufio.go:416 +0x58
github.com/hashicorp/terraform/plugin.(*Client).logStderr(0xc208068a00, 0x82cf28, 0xc208034898)
	/Users/mitchellh/code/go/src/github.com/hashicorp/terraform/plugin/client.go:324 +0x5c
created by github.com/hashicorp/terraform/plugin.(*Client).Start
	/Users/mitchellh/code/go/src/github.com/hashicorp/terraform/plugin/client.go:250 +0xb9f

goroutine 43 [semacquire]:
sync.runtime_Syncsemacquire(0xc208060880)
	/Users/mitchellh/code/3rdparty/go/src/pkg/runtime/sema.goc:257 +0xc0
sync.(*Cond).Wait(0xc208060870)
	/Users/mitchellh/code/3rdparty/go/src/pkg/sync/cond.go:62 +0x9d
io.(*pipe).read(0xc208060840, 0xc2080b7000, 0x1000, 0x1000, 0x0, 0x0, 0x0)
	/Users/mitchellh/code/3rdparty/go/src/pkg/io/pipe.go:52 +0x2b6
io.(*PipeReader).Read(0xc208034880, 0xc2080b7000, 0x1000, 0x1000, 0x4b, 0x0, 0x0)
	/Users/mitchellh/code/3rdparty/go/src/pkg/io/pipe.go:134 +0x5f
bufio.(*Reader).fill(0xc2080059e0)
	/Users/mitchellh/code/3rdparty/go/src/pkg/bufio/bufio.go:97 +0x1b3
bufio.(*Reader).ReadSlice(0xc2080059e0, 0xc2080b700a, 0x0, 0x0, 0x0, 0x0, 0x0)
	/Users/mitchellh/code/3rdparty/go/src/pkg/bufio/bufio.go:298 +0x22c
bufio.(*Reader).ReadBytes(0xc2080059e0, 0xc20800590a, 0x0, 0x0, 0x0, 0x0, 0x0)
	/Users/mitchellh/code/3rdparty/go/src/pkg/bufio/bufio.go:376 +0xe3
github.com/hashicorp/terraform/plugin.func·004()
	/Users/mitchellh/code/go/src/github.com/hashicorp/terraform/plugin/client.go:260 +0xad
created by github.com/hashicorp/terraform/plugin.(*Client).Start
	/Users/mitchellh/code/go/src/github.com/hashicorp/terraform/plugin/client.go:269 +0xc1c

goroutine 44 [chan receive]:
github.com/hashicorp/terraform/plugin.func·005()
	/Users/mitchellh/code/go/src/github.com/hashicorp/terraform/plugin/client.go:275 +0x61
created by github.com/hashicorp/terraform/plugin.func·006
	/Users/mitchellh/code/go/src/github.com/hashicorp/terraform/plugin/client.go:277 +0x4d

goroutine 45 [IO wait]:
net.runtime_pollWait(0x82ea80, 0x72, 0x0)
	/Users/mitchellh/code/3rdparty/go/src/pkg/runtime/netpoll.goc:146 +0x66
net.(*pollDesc).Wait(0xc2080c66f0, 0x72, 0x0, 0x0)
	/Users/mitchellh/code/3rdparty/go/src/pkg/net/fd_poll_runtime.go:84 +0x46
net.(*pollDesc).WaitRead(0xc2080c66f0, 0x0, 0x0)
	/Users/mitchellh/code/3rdparty/go/src/pkg/net/fd_poll_runtime.go:89 +0x42
net.(*netFD).Read(0xc2080c6690, 0xc208128000, 0x1000, 0x1000, 0x0, 0x82c318, 0x23)
	/Users/mitchellh/code/3rdparty/go/src/pkg/net/fd_unix.go:242 +0x34c
net.(*conn).Read(0xc208034910, 0xc208128000, 0x1000, 0x1000, 0x0, 0x0, 0x0)
	/Users/mitchellh/code/3rdparty/go/src/pkg/net/net.go:122 +0xe7
bufio.(*Reader).fill(0xc208005a40)
	/Users/mitchellh/code/3rdparty/go/src/pkg/bufio/bufio.go:97 +0x1b3
bufio.(*Reader).Read(0xc208005a40, 0xc2080be8c0, 0xc, 0xc, 0xc, 0x0, 0x0)
	/Users/mitchellh/code/3rdparty/go/src/pkg/bufio/bufio.go:175 +0x230
io.ReadAtLeast(0x82d1c0, 0xc208005a40, 0xc2080be8c0, 0xc, 0xc, 0xc, 0x0, 0x0, 0x0)
	/Users/mitchellh/code/3rdparty/go/src/pkg/io/io.go:289 +0xf7
io.ReadFull(0x82d1c0, 0xc208005a40, 0xc2080be8c0, 0xc, 0xc, 0xc, 0x0, 0x0)
	/Users/mitchellh/code/3rdparty/go/src/pkg/io/io.go:307 +0x71
github.com/hashicorp/yamux.(*Session).recv(0xc20804c960)
	/Users/mitchellh/code/go/src/github.com/hashicorp/yamux/session.go:332 +0xc9
created by github.com/hashicorp/yamux.newSession
	/Users/mitchellh/code/go/src/github.com/hashicorp/yamux/session.go:93 +0x247

goroutine 46 [select]:
github.com/hashicorp/yamux.(*Session).send(0xc20804c960)
	/Users/mitchellh/code/go/src/github.com/hashicorp/yamux/session.go:290 +0x496
created by github.com/hashicorp/yamux.newSession
	/Users/mitchellh/code/go/src/github.com/hashicorp/yamux/session.go:94 +0x25f

goroutine 47 [select]:
github.com/hashicorp/yamux.(*Session).keepalive(0xc20804c960)
	/Users/mitchellh/code/go/src/github.com/hashicorp/yamux/session.go:246 +0xc7
created by github.com/hashicorp/yamux.newSession
	/Users/mitchellh/code/go/src/github.com/hashicorp/yamux/session.go:96 +0x289

goroutine 48 [select]:
github.com/hashicorp/yamux.(*Session).AcceptStream(0xc20804c960, 0x0, 0x0, 0x0)
	/Users/mitchellh/code/go/src/github.com/hashicorp/yamux/session.go:154 +0x11f
github.com/hashicorp/terraform/rpc.(*muxBroker).Run(0xc2080bcb00)
	/Users/mitchellh/code/go/src/github.com/hashicorp/terraform/rpc/mux_broker.go:107 +0x36
created by github.com/hashicorp/terraform/rpc.NewClient
	/Users/mitchellh/code/go/src/github.com/hashicorp/terraform/rpc/client.go:53 +0x1a4

goroutine 49 [select]:
github.com/hashicorp/yamux.(*Stream).Read(0xc20806a780, 0xc20812c000, 0x1000, 0x1000, 0x0, 0x0, 0x0)
	/Users/mitchellh/code/go/src/github.com/hashicorp/yamux/stream.go:123 +0x382
bufio.(*Reader).fill(0xc208005c20)
	/Users/mitchellh/code/3rdparty/go/src/pkg/bufio/bufio.go:97 +0x1b3
bufio.(*Reader).Read(0xc208005c20, 0xc2080be8d0, 0x1, 0x9, 0x1, 0x0, 0x0)
	/Users/mitchellh/code/3rdparty/go/src/pkg/bufio/bufio.go:175 +0x230
io.ReadAtLeast(0x82d1c0, 0xc208005c20, 0xc2080be8d0, 0x1, 0x9, 0x1, 0x0, 0x0, 0x0)
	/Users/mitchellh/code/3rdparty/go/src/pkg/io/io.go:289 +0xf7
io.ReadFull(0x82d1c0, 0xc208005c20, 0xc2080be8d0, 0x1, 0x9, 0x16bc4, 0x0, 0x0)
	/Users/mitchellh/code/3rdparty/go/src/pkg/io/io.go:307 +0x71
encoding/gob.decodeUintReader(0x82d1c0, 0xc208005c20, 0xc2080be8d0, 0x9, 0x9, 0x0, 0x1, 0x0, 0x0)
	/Users/mitchellh/code/3rdparty/go/src/pkg/encoding/gob/decode.go:66 +0xa6
encoding/gob.(*Decoder).recvMessage(0xc20805e1e0, 0x1f817f)
	/Users/mitchellh/code/3rdparty/go/src/pkg/encoding/gob/decoder.go:73 +0x57
encoding/gob.(*Decoder).decodeTypeSequence(0xc20805e1e0, 0xc2080c1400, 0x0)
	/Users/mitchellh/code/3rdparty/go/src/pkg/encoding/gob/decoder.go:159 +0x49
encoding/gob.(*Decoder).DecodeValue(0xc20805e1e0, 0x3737e0, 0xc2080c14a0, 0x0, 0x160, 0x0, 0x0)
	/Users/mitchellh/code/3rdparty/go/src/pkg/encoding/gob/decoder.go:227 +0x193
encoding/gob.(*Decoder).Decode(0xc20805e1e0, 0x3737e0, 0xc2080c14a0, 0x0, 0x0)
	/Users/mitchellh/code/3rdparty/go/src/pkg/encoding/gob/decoder.go:204 +0x279
net/rpc.(*gobClientCodec).ReadResponseHeader(0xc2080c13e0, 0xc2080c14a0, 0x0, 0x0)
	/Users/mitchellh/code/3rdparty/go/src/pkg/net/rpc/client.go:223 +0x5b
net/rpc.(*Client).input(0xc208005c80)
	/Users/mitchellh/code/3rdparty/go/src/pkg/net/rpc/client.go:109 +0xda
created by net/rpc.NewClientWithCodec
	/Users/mitchellh/code/3rdparty/go/src/pkg/net/rpc/client.go:201 +0x8b

goroutine 50 [select]:
github.com/hashicorp/yamux.(*Stream).Read(0xc20806a8c0, 0xc208130000, 0x1000, 0x1000, 0x0, 0x0, 0x0)
	/Users/mitchellh/code/go/src/github.com/hashicorp/yamux/stream.go:123 +0x382
bufio.(*Reader).fill(0xc20812e180)
	/Users/mitchellh/code/3rdparty/go/src/pkg/bufio/bufio.go:97 +0x1b3
bufio.(*Reader).Read(0xc20812e180, 0xc2080bf0f0, 0x1, 0x9, 0x1, 0x0, 0x0)
	/Users/mitchellh/code/3rdparty/go/src/pkg/bufio/bufio.go:175 +0x230
io.ReadAtLeast(0x82d1c0, 0xc20812e180, 0xc2080bf0f0, 0x1, 0x9, 0x1, 0x0, 0x0, 0x0)
	/Users/mitchellh/code/3rdparty/go/src/pkg/io/io.go:289 +0xf7
io.ReadFull(0x82d1c0, 0xc20812e180, 0xc2080bf0f0, 0x1, 0x9, 0x0, 0x0, 0x0)
	/Users/mitchellh/code/3rdparty/go/src/pkg/io/io.go:307 +0x71
encoding/gob.decodeUintReader(0x82d1c0, 0xc20812e180, 0xc2080bf0f0, 0x9, 0x9, 0x0, 0x1, 0x0, 0x0)
	/Users/mitchellh/code/3rdparty/go/src/pkg/encoding/gob/decode.go:66 +0xa6
encoding/gob.(*Decoder).recvMessage(0xc20805e2d0, 0x0)
	/Users/mitchellh/code/3rdparty/go/src/pkg/encoding/gob/decoder.go:73 +0x57
encoding/gob.(*Decoder).decodeTypeSequence(0xc20805e2d0, 0xc2080cc500, 0x0)
	/Users/mitchellh/code/3rdparty/go/src/pkg/encoding/gob/decoder.go:159 +0x49
encoding/gob.(*Decoder).DecodeValue(0xc20805e2d0, 0x3737e0, 0xc2080cc5a0, 0x0, 0x160, 0x0, 0x0)
	/Users/mitchellh/code/3rdparty/go/src/pkg/encoding/gob/decoder.go:227 +0x193
encoding/gob.(*Decoder).Decode(0xc20805e2d0, 0x3737e0, 0xc2080cc5a0, 0x0, 0x0)
	/Users/mitchellh/code/3rdparty/go/src/pkg/encoding/gob/decoder.go:204 +0x279
net/rpc.(*gobClientCodec).ReadResponseHeader(0xc2080cc300, 0xc2080cc5a0, 0x0, 0x0)
	/Users/mitchellh/code/3rdparty/go/src/pkg/net/rpc/client.go:223 +0x5b
net/rpc.(*Client).input(0xc20812e1e0)
	/Users/mitchellh/code/3rdparty/go/src/pkg/net/rpc/client.go:109 +0xda
created by net/rpc.NewClientWithCodec
	/Users/mitchellh/code/3rdparty/go/src/pkg/net/rpc/client.go:201 +0x8b

goroutine 60 [select]:
github.com/hashicorp/yamux.(*Stream).Read(0xc20806a640, 0xc208135000, 0x1000, 0x1000, 0x0, 0x0, 0x0)
	/Users/mitchellh/code/go/src/github.com/hashicorp/yamux/stream.go:123 +0x382
bufio.(*Reader).fill(0xc20812e8a0)
	/Users/mitchellh/code/3rdparty/go/src/pkg/bufio/bufio.go:97 +0x1b3
bufio.(*Reader).Read(0xc20812e8a0, 0xc2080be5e0, 0x1, 0x9, 0x1, 0x0, 0x0)
	/Users/mitchellh/code/3rdparty/go/src/pkg/bufio/bufio.go:175 +0x230
io.ReadAtLeast(0x82d1c0, 0xc20812e8a0, 0xc2080be5e0, 0x1, 0x9, 0x1, 0x0, 0x0, 0x0)
	/Users/mitchellh/code/3rdparty/go/src/pkg/io/io.go:289 +0xf7
io.ReadFull(0x82d1c0, 0xc20812e8a0, 0xc2080be5e0, 0x1, 0x9, 0x16bc4, 0x0, 0x0)
	/Users/mitchellh/code/3rdparty/go/src/pkg/io/io.go:307 +0x71
encoding/gob.decodeUintReader(0x82d1c0, 0xc20812e8a0, 0xc2080be5e0, 0x9, 0x9, 0x0, 0x1, 0x0, 0x0)
	/Users/mitchellh/code/3rdparty/go/src/pkg/encoding/gob/decode.go:66 +0xa6
encoding/gob.(*Decoder).recvMessage(0xc20805e4b0, 0x1f817f)
	/Users/mitchellh/code/3rdparty/go/src/pkg/encoding/gob/decoder.go:73 +0x57
encoding/gob.(*Decoder).decodeTypeSequence(0xc20805e4b0, 0xc2080cde00, 0x0)
	/Users/mitchellh/code/3rdparty/go/src/pkg/encoding/gob/decoder.go:159 +0x49
encoding/gob.(*Decoder).DecodeValue(0xc20805e4b0, 0x3737e0, 0xc2080cde60, 0x0, 0x160, 0x0, 0x0)
	/Users/mitchellh/code/3rdparty/go/src/pkg/encoding/gob/decoder.go:227 +0x193
encoding/gob.(*Decoder).Decode(0xc20805e4b0, 0x3737e0, 0xc2080cde60, 0x0, 0x0)
	/Users/mitchellh/code/3rdparty/go/src/pkg/encoding/gob/decoder.go:204 +0x279
net/rpc.(*gobClientCodec).ReadResponseHeader(0xc2080cd920, 0xc2080cde60, 0x0, 0x0)
	/Users/mitchellh/code/3rdparty/go/src/pkg/net/rpc/client.go:223 +0x5b
net/rpc.(*Client).input(0xc20812e9c0)
	/Users/mitchellh/code/3rdparty/go/src/pkg/net/rpc/client.go:109 +0xda
created by net/rpc.NewClientWithCodec
	/Users/mitchellh/code/3rdparty/go/src/pkg/net/rpc/client.go:201 +0x8b

goroutine 107 [chan receive]:
github.com/hashicorp/terraform/depgraph.func·002(0xc2081763c0)
	/Users/mitchellh/code/go/src/github.com/hashicorp/terraform/depgraph/graph.go:308 +0x19e
created by github.com/hashicorp/terraform/depgraph.(*Graph).Walk
	/Users/mitchellh/code/go/src/github.com/hashicorp/terraform/depgraph/graph.go:328 +0x516

goroutine 88 [select]:
github.com/hashicorp/yamux.(*Stream).Read(0xc20806b2c0, 0xc208170000, 0x1000, 0x1000, 0x0, 0x0, 0x0)
	/Users/mitchellh/code/go/src/github.com/hashicorp/yamux/stream.go:123 +0x382
bufio.(*Reader).fill(0xc20815ade0)
	/Users/mitchellh/code/3rdparty/go/src/pkg/bufio/bufio.go:97 +0x1b3
bufio.(*Reader).Read(0xc20815ade0, 0xc20815f5c0, 0x1, 0x9, 0x1, 0x0, 0x0)
	/Users/mitchellh/code/3rdparty/go/src/pkg/bufio/bufio.go:175 +0x230
io.ReadAtLeast(0x82d1c0, 0xc20815ade0, 0xc20815f5c0, 0x1, 0x9, 0x1, 0x0, 0x0, 0x0)
	/Users/mitchellh/code/3rdparty/go/src/pkg/io/io.go:289 +0xf7
io.ReadFull(0x82d1c0, 0xc20815ade0, 0xc20815f5c0, 0x1, 0x9, 0xc7baf0, 0x0, 0x0)
	/Users/mitchellh/code/3rdparty/go/src/pkg/io/io.go:307 +0x71
encoding/gob.decodeUintReader(0x82d1c0, 0xc20815ade0, 0xc20815f5c0, 0x9, 0x9, 0x0, 0x1, 0x0, 0x0)
	/Users/mitchellh/code/3rdparty/go/src/pkg/encoding/gob/decode.go:66 +0xa6
encoding/gob.(*Decoder).recvMessage(0xc208156ff0, 0x4dcb70)
	/Users/mitchellh/code/3rdparty/go/src/pkg/encoding/gob/decoder.go:73 +0x57
encoding/gob.(*Decoder).decodeTypeSequence(0xc208156ff0, 0xc20816d600, 0x0)
	/Users/mitchellh/code/3rdparty/go/src/pkg/encoding/gob/decoder.go:159 +0x49
encoding/gob.(*Decoder).DecodeValue(0xc208156ff0, 0x3737e0, 0xc20816d6b0, 0x0, 0x160, 0x0, 0x0)
	/Users/mitchellh/code/3rdparty/go/src/pkg/encoding/gob/decoder.go:227 +0x193
encoding/gob.(*Decoder).Decode(0xc208156ff0, 0x3737e0, 0xc20816d6b0, 0x0, 0x0)
	/Users/mitchellh/code/3rdparty/go/src/pkg/encoding/gob/decoder.go:204 +0x279
net/rpc.(*gobClientCodec).ReadResponseHeader(0xc20816d3e0, 0xc20816d6b0, 0x0, 0x0)
	/Users/mitchellh/code/3rdparty/go/src/pkg/net/rpc/client.go:223 +0x5b
net/rpc.(*Client).input(0xc20815ae40)
	/Users/mitchellh/code/3rdparty/go/src/pkg/net/rpc/client.go:109 +0xda
created by net/rpc.NewClientWithCodec
	/Users/mitchellh/code/3rdparty/go/src/pkg/net/rpc/client.go:201 +0x8b

goroutine 74 [select]:
github.com/hashicorp/yamux.(*Stream).Read(0xc20806af00, 0xc208153000, 0x1000, 0x1000, 0x0, 0x0, 0x0)
	/Users/mitchellh/code/go/src/github.com/hashicorp/yamux/stream.go:123 +0x382
bufio.(*Reader).fill(0xc208004c60)
	/Users/mitchellh/code/3rdparty/go/src/pkg/bufio/bufio.go:97 +0x1b3
bufio.(*Reader).Read(0xc208004c60, 0xc2080b94d0, 0x1, 0x9, 0x1, 0x0, 0x0)
	/Users/mitchellh/code/3rdparty/go/src/pkg/bufio/bufio.go:175 +0x230
io.ReadAtLeast(0x82d1c0, 0xc208004c60, 0xc2080b94d0, 0x1, 0x9, 0x1, 0x0, 0x0, 0x0)
	/Users/mitchellh/code/3rdparty/go/src/pkg/io/io.go:289 +0xf7
io.ReadFull(0x82d1c0, 0xc208004c60, 0xc2080b94d0, 0x1, 0x9, 0x0, 0x0, 0x0)
	/Users/mitchellh/code/3rdparty/go/src/pkg/io/io.go:307 +0x71
encoding/gob.decodeUintReader(0x82d1c0, 0xc208004c60, 0xc2080b94d0, 0x9, 0x9, 0x0, 0x1, 0x0, 0x0)
	/Users/mitchellh/code/3rdparty/go/src/pkg/encoding/gob/decode.go:66 +0xa6
encoding/gob.(*Decoder).recvMessage(0xc20805fa40, 0x0)
	/Users/mitchellh/code/3rdparty/go/src/pkg/encoding/gob/decoder.go:73 +0x57
encoding/gob.(*Decoder).decodeTypeSequence(0xc20805fa40, 0xc208154100, 0x0)
	/Users/mitchellh/code/3rdparty/go/src/pkg/encoding/gob/decoder.go:159 +0x49
encoding/gob.(*Decoder).DecodeValue(0xc20805fa40, 0x3737e0, 0xc208154150, 0x0, 0x160, 0x0, 0x0)
	/Users/mitchellh/code/3rdparty/go/src/pkg/encoding/gob/decoder.go:227 +0x193
encoding/gob.(*Decoder).Decode(0xc20805fa40, 0x3737e0, 0xc208154150, 0x0, 0x0)
	/Users/mitchellh/code/3rdparty/go/src/pkg/encoding/gob/decoder.go:204 +0x279
net/rpc.(*gobClientCodec).ReadResponseHeader(0xc208139e90, 0xc208154150, 0x0, 0x0)
	/Users/mitchellh/code/3rdparty/go/src/pkg/net/rpc/client.go:223 +0x5b
net/rpc.(*Client).input(0xc208004d20)
	/Users/mitchellh/code/3rdparty/go/src/pkg/net/rpc/client.go:109 +0xda
created by net/rpc.NewClientWithCodec
	/Users/mitchellh/code/3rdparty/go/src/pkg/net/rpc/client.go:201 +0x8b

goroutine 104 [chan receive]:
github.com/hashicorp/terraform/depgraph.func·002(0xc208176a40)
	/Users/mitchellh/code/go/src/github.com/hashicorp/terraform/depgraph/graph.go:308 +0x19e
created by github.com/hashicorp/terraform/depgraph.(*Graph).Walk
	/Users/mitchellh/code/go/src/github.com/hashicorp/terraform/depgraph/graph.go:328 +0x516

goroutine 59 [select]:
github.com/hashicorp/yamux.(*Stream).Read(0xc20806adc0, 0xc208132000, 0x1000, 0x1000, 0x0, 0x0, 0x0)
	/Users/mitchellh/code/go/src/github.com/hashicorp/yamux/stream.go:123 +0x382
bufio.(*Reader).fill(0xc20812e000)
	/Users/mitchellh/code/3rdparty/go/src/pkg/bufio/bufio.go:97 +0x1b3
bufio.(*Reader).Read(0xc20812e000, 0xc208000120, 0x1, 0x9, 0x1, 0x0, 0x0)
	/Users/mitchellh/code/3rdparty/go/src/pkg/bufio/bufio.go:175 +0x230
io.ReadAtLeast(0x82d1c0, 0xc20812e000, 0xc208000120, 0x1, 0x9, 0x1, 0x0, 0x0, 0x0)
	/Users/mitchellh/code/3rdparty/go/src/pkg/io/io.go:289 +0xf7
io.ReadFull(0x82d1c0, 0xc20812e000, 0xc208000120, 0x1, 0x9, 0x16bc4, 0x0, 0x0)
	/Users/mitchellh/code/3rdparty/go/src/pkg/io/io.go:307 +0x71
encoding/gob.decodeUintReader(0x82d1c0, 0xc20812e000, 0xc208000120, 0x9, 0x9, 0x0, 0x1, 0x0, 0x0)
	/Users/mitchellh/code/3rdparty/go/src/pkg/encoding/gob/decode.go:66 +0xa6
encoding/gob.(*Decoder).recvMessage(0xc20805e3c0, 0x1f817f)
	/Users/mitchellh/code/3rdparty/go/src/pkg/encoding/gob/decoder.go:73 +0x57
encoding/gob.(*Decoder).decodeTypeSequence(0xc20805e3c0, 0xc2080cc300, 0x0)
	/Users/mitchellh/code/3rdparty/go/src/pkg/encoding/gob/decoder.go:159 +0x49
encoding/gob.(*Decoder).DecodeValue(0xc20805e3c0, 0x3737e0, 0xc2080cc3f0, 0x0, 0x160, 0x0, 0x0)
	/Users/mitchellh/code/3rdparty/go/src/pkg/encoding/gob/decoder.go:227 +0x193
encoding/gob.(*Decoder).Decode(0xc20805e3c0, 0x3737e0, 0xc2080cc3f0, 0x0, 0x0)
	/Users/mitchellh/code/3rdparty/go/src/pkg/encoding/gob/decoder.go:204 +0x279
net/rpc.(*gobClientCodec).ReadResponseHeader(0xc2080cc1e0, 0xc2080cc3f0, 0x0, 0x0)
	/Users/mitchellh/code/3rdparty/go/src/pkg/net/rpc/client.go:223 +0x5b
net/rpc.(*Client).input(0xc20812e060)
	/Users/mitchellh/code/3rdparty/go/src/pkg/net/rpc/client.go:109 +0xda
created by net/rpc.NewClientWithCodec
	/Users/mitchellh/code/3rdparty/go/src/pkg/net/rpc/client.go:201 +0x8b

goroutine 105 [runnable]:
github.com/hashicorp/yamux.(*Session).waitForSendErr(0xc20804c000, 0xc20815fca0, 0xc, 0xc, 0x82edb8, 0xc20818c4e0, 0xc2081720e0, 0x0, 0x0)
	/Users/mitchellh/code/go/src/github.com/hashicorp/yamux/session.go:269 +0x1e7
github.com/hashicorp/yamux.(*Stream).write(0xc20806b540, 0xc208171000, 0x308, 0x1000, 0x82ed50, 0x0, 0x0)
	/Users/mitchellh/code/go/src/github.com/hashicorp/yamux/stream.go:181 +0x4c8
github.com/hashicorp/yamux.(*Stream).Write(0xc20806b540, 0xc208171000, 0x308, 0x1000, 0x0, 0x0, 0x0)
	/Users/mitchellh/code/go/src/github.com/hashicorp/yamux/stream.go:137 +0x137
bufio.(*Writer).flush(0xc208176580, 0x0, 0x0)
	/Users/mitchellh/code/3rdparty/go/src/pkg/bufio/bufio.go:530 +0xe2
bufio.(*Writer).Flush(0xc208176580, 0x0, 0x0)
	/Users/mitchellh/code/3rdparty/go/src/pkg/bufio/bufio.go:519 +0x39
net/rpc.(*gobClientCodec).WriteRequest(0xc20817a270, 0xc20815b760, 0x36cee0, 0xc20817d5a0, 0x0, 0x0)
	/Users/mitchellh/code/3rdparty/go/src/pkg/net/rpc/client.go:219 +0xd1
net/rpc.(*Client).send(0xc20815b740, 0xc2081752c0)
	/Users/mitchellh/code/3rdparty/go/src/pkg/net/rpc/client.go:91 +0x182
net/rpc.(*Client).Go(0xc20815b740, 0xc20817d5c0, 0x16, 0x36cee0, 0xc20817d5a0, 0x36cf40, 0xc208184ec0, 0xc208188540, 0x2)
	/Users/mitchellh/code/3rdparty/go/src/pkg/net/rpc/client.go:309 +0xce
net/rpc.(*Client).Call(0xc20815b740, 0xc20817d5c0, 0x16, 0x36cee0, 0xc20817d5a0, 0x36cf40, 0xc208184ec0, 0x0, 0x0)
	/Users/mitchellh/code/3rdparty/go/src/pkg/net/rpc/client.go:315 +0xa6
github.com/hashicorp/terraform/rpc.(*ResourceProvider).Apply(0xc20817c120, 0xc208176440, 0xc208163e80, 0xc20815fc30, 0x1, 0x0, 0x0)
	/Users/mitchellh/code/go/src/github.com/hashicorp/terraform/rpc/resource_provider.go:113 +0x129
github.com/hashicorp/terraform/terraform.func·003(0xc2081745f0, 0xc2081610e0, 0x0, 0x0)
	/Users/mitchellh/code/go/src/github.com/hashicorp/terraform/terraform/context.go:708 +0x874
github.com/hashicorp/terraform/terraform.func·010(0xc208176480, 0x0, 0x0)
	/Users/mitchellh/code/go/src/github.com/hashicorp/terraform/terraform/context.go:1248 +0xcdb
github.com/hashicorp/terraform/depgraph.func·002(0xc208176480)
	/Users/mitchellh/code/go/src/github.com/hashicorp/terraform/depgraph/graph.go:321 +0x254
created by github.com/hashicorp/terraform/depgraph.(*Graph).Walk
	/Users/mitchellh/code/go/src/github.com/hashicorp/terraform/depgraph/graph.go:328 +0x516

goroutine 73 [select]:
github.com/hashicorp/yamux.(*Stream).Read(0xc20806ac80, 0xc20814d000, 0x1000, 0x1000, 0x0, 0x0, 0x0)
	/Users/mitchellh/code/go/src/github.com/hashicorp/yamux/stream.go:123 +0x382
bufio.(*Reader).fill(0xc20812fbc0)
	/Users/mitchellh/code/3rdparty/go/src/pkg/bufio/bufio.go:97 +0x1b3
bufio.(*Reader).Read(0xc20812fbc0, 0xc2080b8c50, 0x1, 0x9, 0x1, 0x0, 0x0)
	/Users/mitchellh/code/3rdparty/go/src/pkg/bufio/bufio.go:175 +0x230
io.ReadAtLeast(0x82d1c0, 0xc20812fbc0, 0xc2080b8c50, 0x1, 0x9, 0x1, 0x0, 0x0, 0x0)
	/Users/mitchellh/code/3rdparty/go/src/pkg/io/io.go:289 +0xf7
io.ReadFull(0x82d1c0, 0xc20812fbc0, 0xc2080b8c50, 0x1, 0x9, 0x16bc4, 0x0, 0x0)
	/Users/mitchellh/code/3rdparty/go/src/pkg/io/io.go:307 +0x71
encoding/gob.decodeUintReader(0x82d1c0, 0xc20812fbc0, 0xc2080b8c50, 0x9, 0x9, 0x0, 0x1, 0x0, 0x0)
	/Users/mitchellh/code/3rdparty/go/src/pkg/encoding/gob/decode.go:66 +0xa6
encoding/gob.(*Decoder).recvMessage(0xc20805f950, 0x1f817f)
	/Users/mitchellh/code/3rdparty/go/src/pkg/encoding/gob/decoder.go:73 +0x57
encoding/gob.(*Decoder).decodeTypeSequence(0xc20805f950, 0xc208138d00, 0x0)
	/Users/mitchellh/code/3rdparty/go/src/pkg/encoding/gob/decoder.go:159 +0x49
encoding/gob.(*Decoder).DecodeValue(0xc20805f950, 0x3737e0, 0xc208138db0, 0x0, 0x160, 0x0, 0x0)
	/Users/mitchellh/code/3rdparty/go/src/pkg/encoding/gob/decoder.go:227 +0x193
encoding/gob.(*Decoder).Decode(0xc20805f950, 0x3737e0, 0xc208138db0, 0x0, 0x0)
	/Users/mitchellh/code/3rdparty/go/src/pkg/encoding/gob/decoder.go:204 +0x279
net/rpc.(*gobClientCodec).ReadResponseHeader(0xc208138cf0, 0xc208138db0, 0x0, 0x0)
	/Users/mitchellh/code/3rdparty/go/src/pkg/net/rpc/client.go:223 +0x5b
net/rpc.(*Client).input(0xc20812fc20)
	/Users/mitchellh/code/3rdparty/go/src/pkg/net/rpc/client.go:109 +0xda
created by net/rpc.NewClientWithCodec
	/Users/mitchellh/code/3rdparty/go/src/pkg/net/rpc/client.go:201 +0x8b

goroutine 102 [select]:
github.com/hashicorp/yamux.(*Stream).Read(0xc20806b540, 0xc208180000, 0x1000, 0x1000, 0x0, 0x0, 0x0)
	/Users/mitchellh/code/go/src/github.com/hashicorp/yamux/stream.go:123 +0x382
bufio.(*Reader).fill(0xc20815b6e0)
	/Users/mitchellh/code/3rdparty/go/src/pkg/bufio/bufio.go:97 +0x1b3
bufio.(*Reader).Read(0xc20815b6e0, 0xc20815fce0, 0x1, 0x9, 0x1, 0x0, 0x0)
	/Users/mitchellh/code/3rdparty/go/src/pkg/bufio/bufio.go:175 +0x230
io.ReadAtLeast(0x82d1c0, 0xc20815b6e0, 0xc20815fce0, 0x1, 0x9, 0x1, 0x0, 0x0, 0x0)
	/Users/mitchellh/code/3rdparty/go/src/pkg/io/io.go:289 +0xf7
io.ReadFull(0x82d1c0, 0xc20815b6e0, 0xc20815fce0, 0x1, 0x9, 0x16bc4, 0x0, 0x0)
	/Users/mitchellh/code/3rdparty/go/src/pkg/io/io.go:307 +0x71
encoding/gob.decodeUintReader(0x82d1c0, 0xc20815b6e0, 0xc20815fce0, 0x9, 0x9, 0x0, 0x1, 0x0, 0x0)
	/Users/mitchellh/code/3rdparty/go/src/pkg/encoding/gob/decode.go:66 +0xa6
encoding/gob.(*Decoder).recvMessage(0xc208157770, 0x1f817f)
	/Users/mitchellh/code/3rdparty/go/src/pkg/encoding/gob/decoder.go:73 +0x57
encoding/gob.(*Decoder).decodeTypeSequence(0xc208157770, 0xc20817a300, 0x0)
	/Users/mitchellh/code/3rdparty/go/src/pkg/encoding/gob/decoder.go:159 +0x49
encoding/gob.(*Decoder).DecodeValue(0xc208157770, 0x3737e0, 0xc20817a330, 0x0, 0x160, 0x0, 0x0)
	/Users/mitchellh/code/3rdparty/go/src/pkg/encoding/gob/decoder.go:227 +0x193
encoding/gob.(*Decoder).Decode(0xc208157770, 0x3737e0, 0xc20817a330, 0x0, 0x0)
	/Users/mitchellh/code/3rdparty/go/src/pkg/encoding/gob/decoder.go:204 +0x279
net/rpc.(*gobClientCodec).ReadResponseHeader(0xc20817a270, 0xc20817a330, 0x0, 0x0)
	/Users/mitchellh/code/3rdparty/go/src/pkg/net/rpc/client.go:223 +0x5b
net/rpc.(*Client).input(0xc20815b740)
	/Users/mitchellh/code/3rdparty/go/src/pkg/net/rpc/client.go:109 +0xda
created by net/rpc.NewClientWithCodec
	/Users/mitchellh/code/3rdparty/go/src/pkg/net/rpc/client.go:201 +0x8b

goroutine 87 [select]:
github.com/hashicorp/yamux.(*Stream).Read(0xc20806b180, 0xc20816e000, 0x1000, 0x1000, 0x0, 0x0, 0x0)
	/Users/mitchellh/code/go/src/github.com/hashicorp/yamux/stream.go:123 +0x382
bufio.(*Reader).fill(0xc20815a780)
	/Users/mitchellh/code/3rdparty/go/src/pkg/bufio/bufio.go:97 +0x1b3
bufio.(*Reader).Read(0xc20815a780, 0xc20815ed40, 0x1, 0x9, 0x1, 0x0, 0x0)
	/Users/mitchellh/code/3rdparty/go/src/pkg/bufio/bufio.go:175 +0x230
io.ReadAtLeast(0x82d1c0, 0xc20815a780, 0xc20815ed40, 0x1, 0x9, 0x1, 0x0, 0x0, 0x0)
	/Users/mitchellh/code/3rdparty/go/src/pkg/io/io.go:289 +0xf7
io.ReadFull(0x82d1c0, 0xc20815a780, 0xc20815ed40, 0x1, 0x9, 0x16bc4, 0x0, 0x0)
	/Users/mitchellh/code/3rdparty/go/src/pkg/io/io.go:307 +0x71
encoding/gob.decodeUintReader(0x82d1c0, 0xc20815a780, 0xc20815ed40, 0x9, 0x9, 0x0, 0x1, 0x0, 0x0)
	/Users/mitchellh/code/3rdparty/go/src/pkg/encoding/gob/decode.go:66 +0xa6
encoding/gob.(*Decoder).recvMessage(0xc208156f00, 0x1f817f)
	/Users/mitchellh/code/3rdparty/go/src/pkg/encoding/gob/decoder.go:73 +0x57
encoding/gob.(*Decoder).decodeTypeSequence(0xc208156f00, 0xc20816c300, 0x0)
	/Users/mitchellh/code/3rdparty/go/src/pkg/encoding/gob/decoder.go:159 +0x49
encoding/gob.(*Decoder).DecodeValue(0xc208156f00, 0x3737e0, 0xc20816c300, 0x0, 0x160, 0x0, 0x0)
	/Users/mitchellh/code/3rdparty/go/src/pkg/encoding/gob/decoder.go:227 +0x193
encoding/gob.(*Decoder).Decode(0xc208156f00, 0x3737e0, 0xc20816c300, 0x0, 0x0)
	/Users/mitchellh/code/3rdparty/go/src/pkg/encoding/gob/decoder.go:204 +0x279
net/rpc.(*gobClientCodec).ReadResponseHeader(0xc20816c240, 0xc20816c300, 0x0, 0x0)
	/Users/mitchellh/code/3rdparty/go/src/pkg/net/rpc/client.go:223 +0x5b
net/rpc.(*Client).input(0xc20815a7e0)
	/Users/mitchellh/code/3rdparty/go/src/pkg/net/rpc/client.go:109 +0xda
created by net/rpc.NewClientWithCodec
	/Users/mitchellh/code/3rdparty/go/src/pkg/net/rpc/client.go:201 +0x8b

goroutine 103 [select]:
github.com/hashicorp/yamux.(*Stream).Read(0xc20806b680, 0xc208186000, 0x1000, 0x1000, 0x0, 0x0, 0x0)
	/Users/mitchellh/code/go/src/github.com/hashicorp/yamux/stream.go:123 +0x382
bufio.(*Reader).fill(0xc20815bd40)
	/Users/mitchellh/code/3rdparty/go/src/pkg/bufio/bufio.go:97 +0x1b3
bufio.(*Reader).Read(0xc20815bd40, 0xc208184560, 0x1, 0x9, 0x1, 0x0, 0x0)
	/Users/mitchellh/code/3rdparty/go/src/pkg/bufio/bufio.go:175 +0x230
io.ReadAtLeast(0x82d1c0, 0xc20815bd40, 0xc208184560, 0x1, 0x9, 0x1, 0x0, 0x0, 0x0)
	/Users/mitchellh/code/3rdparty/go/src/pkg/io/io.go:289 +0xf7
io.ReadFull(0x82d1c0, 0xc20815bd40, 0xc208184560, 0x1, 0x9, 0x2ad34, 0x0, 0x0)
	/Users/mitchellh/code/3rdparty/go/src/pkg/io/io.go:307 +0x71
encoding/gob.decodeUintReader(0x82d1c0, 0xc20815bd40, 0xc208184560, 0x9, 0x9, 0x0, 0x1, 0x0, 0x0)
	/Users/mitchellh/code/3rdparty/go/src/pkg/encoding/gob/decode.go:66 +0xa6
encoding/gob.(*Decoder).recvMessage(0xc208157860, 0x25550)
	/Users/mitchellh/code/3rdparty/go/src/pkg/encoding/gob/decoder.go:73 +0x57
encoding/gob.(*Decoder).decodeTypeSequence(0xc208157860, 0xc20817b700, 0x0)
	/Users/mitchellh/code/3rdparty/go/src/pkg/encoding/gob/decoder.go:159 +0x49
encoding/gob.(*Decoder).DecodeValue(0xc208157860, 0x3737e0, 0xc20817b770, 0x0, 0x160, 0x0, 0x0)
	/Users/mitchellh/code/3rdparty/go/src/pkg/encoding/gob/decoder.go:227 +0x193
encoding/gob.(*Decoder).Decode(0xc208157860, 0x3737e0, 0xc20817b770, 0x0, 0x0)
	/Users/mitchellh/code/3rdparty/go/src/pkg/encoding/gob/decoder.go:204 +0x279
net/rpc.(*gobClientCodec).ReadResponseHeader(0xc20817b410, 0xc20817b770, 0x0, 0x0)
	/Users/mitchellh/code/3rdparty/go/src/pkg/net/rpc/client.go:223 +0x5b
net/rpc.(*Client).input(0xc20815bda0)
	/Users/mitchellh/code/3rdparty/go/src/pkg/net/rpc/client.go:109 +0xda
created by net/rpc.NewClientWithCodec
	/Users/mitchellh/code/3rdparty/go/src/pkg/net/rpc/client.go:201 +0x8b

goroutine 101 [select]:
github.com/hashicorp/terraform/depgraph.(*Graph).Walk(0xc208176240, 0xc20817b6b0, 0x0, 0x0)
	/Users/mitchellh/code/go/src/github.com/hashicorp/terraform/depgraph/graph.go:342 +0x726
github.com/hashicorp/terraform/terraform.(*walkContext).Walk(0xc2081745f0, 0x0, 0x0)
	/Users/mitchellh/code/go/src/github.com/hashicorp/terraform/terraform/context.go:490 +0x182
github.com/hashicorp/terraform/terraform.(*Context).Apply(0xc20804cf00, 0x0, 0x0, 0x0)
	/Users/mitchellh/code/go/src/github.com/hashicorp/terraform/terraform/context.go:133 +0x145
github.com/hashicorp/terraform/command.func·002()
	/Users/mitchellh/code/go/src/github.com/hashicorp/terraform/command/apply.go:187 +0x64
created by github.com/hashicorp/terraform/command.(*ApplyCommand).Run
	/Users/mitchellh/code/go/src/github.com/hashicorp/terraform/command/apply.go:188 +0x15f1

goroutine 111 [chan receive]:
github.com/hashicorp/terraform/depgraph.func·002(0xc208177d40)
	/Users/mitchellh/code/go/src/github.com/hashicorp/terraform/depgraph/graph.go:308 +0x19e
created by github.com/hashicorp/terraform/depgraph.(*Graph).Walk
	/Users/mitchellh/code/go/src/github.com/hashicorp/terraform/depgraph/graph.go:328 +0x516

goroutine 108 [chan receive]:
github.com/hashicorp/terraform/depgraph.func·002(0xc208176300)
	/Users/mitchellh/code/go/src/github.com/hashicorp/terraform/depgraph/graph.go:308 +0x19e
created by github.com/hashicorp/terraform/depgraph.(*Graph).Walk
	/Users/mitchellh/code/go/src/github.com/hashicorp/terraform/depgraph/graph.go:328 +0x516

goroutine 109 [select]:
github.com/hashicorp/terraform/depgraph.(*Graph).Walk(0xc208177b00, 0xc20817b6b0, 0x0, 0x0)
	/Users/mitchellh/code/go/src/github.com/hashicorp/terraform/depgraph/graph.go:342 +0x726
github.com/hashicorp/terraform/terraform.(*walkContext).genericWalkResource(0xc2081745f0, 0xc208176ac0, 0xc20817b6b0, 0x0, 0x0)
	/Users/mitchellh/code/go/src/github.com/hashicorp/terraform/terraform/context.go:1272 +0xb6
github.com/hashicorp/terraform/terraform.func·010(0xc208176b00, 0x0, 0x0)
	/Users/mitchellh/code/go/src/github.com/hashicorp/terraform/terraform/context.go:1221 +0xa79
github.com/hashicorp/terraform/depgraph.func·002(0xc208176b00)
	/Users/mitchellh/code/go/src/github.com/hashicorp/terraform/depgraph/graph.go:321 +0x254
created by github.com/hashicorp/terraform/depgraph.(*Graph).Walk
	/Users/mitchellh/code/go/src/github.com/hashicorp/terraform/depgraph/graph.go:328 +0x516

goroutine 110 [chan receive]:
github.com/hashicorp/terraform/depgraph.func·003()
	/Users/mitchellh/code/go/src/github.com/hashicorp/terraform/depgraph/graph.go:337 +0xb0
created by github.com/hashicorp/terraform/depgraph.(*Graph).Walk
	/Users/mitchellh/code/go/src/github.com/hashicorp/terraform/depgraph/graph.go:339 +0x5ad

goroutine 113 [runnable]:
github.com/hashicorp/terraform/depgraph.func·002(0xc208177c40)
	/Users/mitchellh/code/go/src/github.com/hashicorp/terraform/depgraph/graph.go:294
created by github.com/hashicorp/terraform/depgraph.(*Graph).Walk
	/Users/mitchellh/code/go/src/github.com/hashicorp/terraform/depgraph/graph.go:328 +0x516

goroutine 114 [runnable]:
github.com/hashicorp/terraform/depgraph.func·003()
	/Users/mitchellh/code/go/src/github.com/hashicorp/terraform/depgraph/graph.go:333
created by github.com/hashicorp/terraform/depgraph.(*Graph).Walk
	/Users/mitchellh/code/go/src/github.com/hashicorp/terraform/depgraph/graph.go:339 +0x5ad
